[2019-06-13 14:22:41] UTN FRA LOGGER.INFO: ::1 [] {"uid":"ecfba35"}
[2019-06-13 14:23:14] UTN FRA LOGGER.INFO: ip :::1 [] {"uid":"f1af206"}
[2019-06-13 14:31:21] UTN FRA LOGGER.INFO: info  =Mozilla/5.0 (X11; Linux x86_64) AppleWebKit/537.36 (KHTML, like Gecko) Chrome/73.0.3683.86 Safari/537.36 [] {"uid":"2676799"}
[2019-06-13 14:31:21] UTN FRA LOGGER.INFO: ip =::1 [] {"uid":"2676799"}
[2019-06-13 14:33:01] UTN FRA LOGGER.INFO: info  =PostmanRuntime/7.1.1 [] {"uid":"1c0e970"}
[2019-06-13 14:33:01] UTN FRA LOGGER.INFO: ip =::1 [] {"uid":"1c0e970"}
[2019-06-13 14:33:04] UTN FRA LOGGER.INFO: info  =PostmanRuntime/7.1.1 [] {"uid":"e0a490b"}
[2019-06-13 14:33:04] UTN FRA LOGGER.INFO: ip =::1 [] {"uid":"e0a490b"}
[2019-06-13 14:33:08] UTN FRA LOGGER.INFO: info  =PostmanRuntime/7.1.1 [] {"uid":"5792b8b"}
[2019-06-13 14:33:08] UTN FRA LOGGER.INFO: ip =::1 [] {"uid":"5792b8b"}
[2019-06-13 14:33:14] UTN FRA LOGGER.INFO: info  =PostmanRuntime/7.1.1 [] {"uid":"c3f3041"}
[2019-06-13 14:33:14] UTN FRA LOGGER.INFO: ip =::1 [] {"uid":"c3f3041"}
[2019-06-13 14:41:27] UTN FRA LOGGER.INFO: info  =Mozilla/5.0 (X11; Linux x86_64; rv:60.0) Gecko/20100101 Firefox/60.0 [] {"uid":"d971c69"}
[2019-06-13 14:41:27] UTN FRA LOGGER.INFO: ip =127.0.0.1 [] {"uid":"d971c69"}
[2019-06-13 14:46:20] UTN FRA LOGGER.INFO: info  =Mozilla/5.0 (X11; Linux x86_64; rv:60.0) Gecko/20100101 Firefox/60.0 [] {"uid":"01737b9"}
[2019-06-13 14:46:20] UTN FRA LOGGER.INFO: ip =127.0.0.1 [] {"uid":"01737b9"}
[2019-06-13 14:48:37] UTN FRA LOGGER.INFO: info  =Mozilla/5.0 (X11; Linux x86_64) AppleWebKit/537.36 (KHTML, like Gecko) Chrome/50.0.2661.76 YaBrowser/16.6.0.6383 (beta) Safari/537.36 [] {"uid":"5d9f7e5"}
[2019-06-13 14:48:37] UTN FRA LOGGER.INFO: ip =::1 [] {"uid":"5d9f7e5"}
[2019-06-13 14:48:52] UTN FRA LOGGER.INFO: info  =Mozilla/5.0 (X11; Linux x86_64) AppleWebKit/537.36 (KHTML, like Gecko) Chrome/50.0.2661.76 YaBrowser/16.6.0.6383 (beta) Safari/537.36 [] {"uid":"f6cdba9"}
[2019-06-13 14:48:52] UTN FRA LOGGER.INFO: ip =::1 [] {"uid":"f6cdba9"}
[2019-06-13 14:48:59] UTN FRA LOGGER.INFO: info  =Mozilla/5.0 (X11; Linux x86_64) AppleWebKit/537.36 (KHTML, like Gecko) Chrome/50.0.2661.76 YaBrowser/16.6.0.6383 (beta) Safari/537.36 [] {"uid":"7fb9fe5"}
[2019-06-13 14:48:59] UTN FRA LOGGER.INFO: ip =::1 [] {"uid":"7fb9fe5"}
[2019-06-13 14:50:12] UTN FRA LOGGER.INFO: info  =Mozilla/5.0 (X11; Linux x86_64) AppleWebKit/537.36 (KHTML, like Gecko) Chrome/71.0.3578.98 Safari/537.36 OPR/58.0.3135.107 [] {"uid":"05adba9"}
[2019-06-13 14:50:13] UTN FRA LOGGER.INFO: ip =::1 [] {"uid":"05adba9"}
[2019-06-13 14:51:49] UTN FRA LOGGER.INFO: info  =Mozilla/5.0 (X11; Linux x86_64) AppleWebKit/537.36 (KHTML, like Gecko) Chrome/73.0.3683.86 Safari/537.36 [] {"uid":"4869fa1"}
[2019-06-13 14:51:49] UTN FRA LOGGER.INFO: ip =::1 [] {"uid":"4869fa1"}
[2019-06-13 14:52:04] UTN FRA LOGGER.INFO: info  =PostmanRuntime/7.1.1 [] {"uid":"955f892"}
[2019-06-13 14:52:04] UTN FRA LOGGER.INFO: ip =::1 [] {"uid":"955f892"}
[2019-06-13 14:52:24] UTN FRA LOGGER.INFO: Datos  =PostmanRuntime/7.1.1 [] {"uid":"3d3557f"}
[2019-06-13 14:52:24] UTN FRA LOGGER.INFO: ip =::1 [] {"uid":"3d3557f"}
[2019-06-13 14:52:34] UTN FRA LOGGER.INFO: Datos  =Mozilla/5.0 (X11; Linux x86_64) AppleWebKit/537.36 (KHTML, like Gecko) Chrome/71.0.3578.98 Safari/537.36 OPR/58.0.3135.107 [] {"uid":"521a87e"}
[2019-06-13 14:52:34] UTN FRA LOGGER.INFO: ip =::1 [] {"uid":"521a87e"}
[2019-06-13 14:54:41] UTN FRA LOGGER.INFO: Datos  =Mozilla/5.0 (X11; Linux x86_64) AppleWebKit/537.36 (KHTML, like Gecko) Chrome/73.0.3683.86 Safari/537.36 [] {"uid":"15b9fd3"}
[2019-06-13 14:54:41] UTN FRA LOGGER.INFO: ip =::1 [] {"uid":"15b9fd3"}
[2019-06-13 15:40:36] UTN FRA LOGGER.INFO: Datos  =Mozilla/5.0 (X11; Linux x86_64) AppleWebKit/537.36 (KHTML, like Gecko) Chrome/73.0.3683.86 Safari/537.36 [] {"uid":"bbb9226"}
[2019-06-13 15:40:36] UTN FRA LOGGER.INFO: ip =::1 [] {"uid":"bbb9226"}
[2019-06-13 15:40:42] UTN FRA LOGGER.INFO: Datos  =Mozilla/5.0 (X11; Linux x86_64) AppleWebKit/537.36 (KHTML, like Gecko) Chrome/73.0.3683.86 Safari/537.36 [] {"uid":"d5105f7"}
[2019-06-13 15:40:42] UTN FRA LOGGER.INFO: ip =::1 [] {"uid":"d5105f7"}
[2019-06-13 15:41:29] UTN FRA LOGGER.INFO: Datos  =Mozilla/5.0 (X11; Linux x86_64) AppleWebKit/537.36 (KHTML, like Gecko) Chrome/73.0.3683.86 Safari/537.36 [] {"uid":"e12c6d8"}
[2019-06-13 15:41:29] UTN FRA LOGGER.INFO: ip =::1 [] {"uid":"e12c6d8"}
[2019-06-13 15:42:30] UTN FRA LOGGER.INFO: Datos  =Mozilla/5.0 (X11; Linux x86_64) AppleWebKit/537.36 (KHTML, like Gecko) Chrome/73.0.3683.86 Safari/537.36 [] {"uid":"36ef6fa"}
[2019-06-13 15:42:30] UTN FRA LOGGER.INFO: ip =::1 [] {"uid":"36ef6fa"}
[2019-06-13 15:45:52] UTN FRA LOGGER.INFO: Datos  =Mozilla/5.0 (X11; Linux x86_64) AppleWebKit/537.36 (KHTML, like Gecko) Chrome/73.0.3683.86 Safari/537.36 [] {"uid":"452e00c"}
[2019-06-13 15:45:52] UTN FRA LOGGER.INFO: ip =::1 [] {"uid":"452e00c"}
[2019-06-13 15:46:48] UTN FRA LOGGER.INFO: Datos  =Mozilla/5.0 (X11; Linux x86_64) AppleWebKit/537.36 (KHTML, like Gecko) Chrome/73.0.3683.86 Safari/537.36 [] {"uid":"accaf17"}
[2019-06-13 15:46:48] UTN FRA LOGGER.INFO: ip =::1 [] {"uid":"accaf17"}
[2019-06-13 15:46:49] UTN FRA LOGGER.INFO: Datos  =Mozilla/5.0 (X11; Linux x86_64) AppleWebKit/537.36 (KHTML, like Gecko) Chrome/73.0.3683.86 Safari/537.36 [] {"uid":"2977b9f"}
[2019-06-13 15:46:49] UTN FRA LOGGER.INFO: ip =::1 [] {"uid":"2977b9f"}
[2019-06-13 15:46:50] UTN FRA LOGGER.INFO: Datos  =Mozilla/5.0 (X11; Linux x86_64) AppleWebKit/537.36 (KHTML, like Gecko) Chrome/73.0.3683.86 Safari/537.36 [] {"uid":"5b1fbcd"}
[2019-06-13 15:46:50] UTN FRA LOGGER.INFO: ip =::1 [] {"uid":"5b1fbcd"}
[2019-06-13 15:47:05] UTN FRA LOGGER.INFO: Datos  =Mozilla/5.0 (X11; Linux x86_64) AppleWebKit/537.36 (KHTML, like Gecko) Chrome/73.0.3683.86 Safari/537.36 [] {"uid":"618e906"}
[2019-06-13 15:47:05] UTN FRA LOGGER.INFO: ip =::1 [] {"uid":"618e906"}
[2019-06-13 15:47:10] UTN FRA LOGGER.INFO: Datos  =Mozilla/5.0 (X11; Linux x86_64) AppleWebKit/537.36 (KHTML, like Gecko) Chrome/73.0.3683.86 Safari/537.36 [] {"uid":"e6f850c"}
[2019-06-13 15:47:10] UTN FRA LOGGER.INFO: ip =::1 [] {"uid":"e6f850c"}
[2019-06-13 15:47:16] UTN FRA LOGGER.INFO: Datos  =Mozilla/5.0 (X11; Linux x86_64) AppleWebKit/537.36 (KHTML, like Gecko) Chrome/73.0.3683.86 Safari/537.36 [] {"uid":"6080469"}
[2019-06-13 15:47:16] UTN FRA LOGGER.INFO: ip =::1 [] {"uid":"6080469"}
[2019-06-13 15:47:52] UTN FRA LOGGER.INFO: Datos  =Mozilla/5.0 (X11; Linux x86_64) AppleWebKit/537.36 (KHTML, like Gecko) Chrome/73.0.3683.86 Safari/537.36 [] {"uid":"be829a8"}
[2019-06-13 15:47:52] UTN FRA LOGGER.INFO: ip =::1 [] {"uid":"be829a8"}
[2019-06-13 15:47:55] UTN FRA LOGGER.INFO: Datos  =Mozilla/5.0 (X11; Linux x86_64) AppleWebKit/537.36 (KHTML, like Gecko) Chrome/73.0.3683.86 Safari/537.36 [] {"uid":"8f497ca"}
[2019-06-13 15:47:55] UTN FRA LOGGER.INFO: ip =::1 [] {"uid":"8f497ca"}
[2019-06-13 15:48:12] UTN FRA LOGGER.INFO: Datos  =Mozilla/5.0 (X11; Linux x86_64) AppleWebKit/537.36 (KHTML, like Gecko) Chrome/73.0.3683.86 Safari/537.36 [] {"uid":"9e48c5a"}
[2019-06-13 15:48:12] UTN FRA LOGGER.INFO: ip =::1 [] {"uid":"9e48c5a"}
[2019-06-13 15:48:15] UTN FRA LOGGER.INFO: Datos  =Mozilla/5.0 (X11; Linux x86_64) AppleWebKit/537.36 (KHTML, like Gecko) Chrome/73.0.3683.86 Safari/537.36 [] {"uid":"b916695"}
[2019-06-13 15:48:15] UTN FRA LOGGER.INFO: ip =::1 [] {"uid":"b916695"}
[2019-06-13 15:50:55] UTN FRA LOGGER.INFO: Datos  =Mozilla/5.0 (X11; Linux x86_64) AppleWebKit/537.36 (KHTML, like Gecko) Chrome/73.0.3683.86 Safari/537.36 [] {"uid":"1dd5fc6"}
[2019-06-13 15:50:55] UTN FRA LOGGER.INFO: ip =::1 [] {"uid":"1dd5fc6"}
[2019-06-13 15:51:28] UTN FRA LOGGER.INFO: Datos  =Mozilla/5.0 (X11; Linux x86_64) AppleWebKit/537.36 (KHTML, like Gecko) Chrome/73.0.3683.86 Safari/537.36 [] {"uid":"458c08c"}
[2019-06-13 15:51:28] UTN FRA LOGGER.INFO: ip =::1 [] {"uid":"458c08c"}
[2019-06-13 15:51:33] UTN FRA LOGGER.INFO: Datos  =Mozilla/5.0 (X11; Linux x86_64) AppleWebKit/537.36 (KHTML, like Gecko) Chrome/73.0.3683.86 Safari/537.36 [] {"uid":"c57b200"}
[2019-06-13 15:51:33] UTN FRA LOGGER.INFO: ip =::1 [] {"uid":"c57b200"}
[2019-06-13 15:53:23] UTN FRA LOGGER.INFO: Datos  =Mozilla/5.0 (X11; Linux x86_64) AppleWebKit/537.36 (KHTML, like Gecko) Chrome/73.0.3683.86 Safari/537.36 [] {"uid":"903207f"}
[2019-06-13 15:53:23] UTN FRA LOGGER.INFO: ip =::1 [] {"uid":"903207f"}
[2019-06-13 15:53:26] UTN FRA LOGGER.INFO: Datos  =Mozilla/5.0 (X11; Linux x86_64) AppleWebKit/537.36 (KHTML, like Gecko) Chrome/73.0.3683.86 Safari/537.36 [] {"uid":"3a71660"}
[2019-06-13 15:53:26] UTN FRA LOGGER.INFO: ip =::1 [] {"uid":"3a71660"}
[2019-06-13 15:54:00] UTN FRA LOGGER.INFO: Datos  =Mozilla/5.0 (X11; Linux x86_64) AppleWebKit/537.36 (KHTML, like Gecko) Chrome/73.0.3683.86 Safari/537.36 [] {"uid":"b363313"}
[2019-06-13 15:54:00] UTN FRA LOGGER.INFO: ip =::1 [] {"uid":"b363313"}
[2019-06-13 15:54:01] UTN FRA LOGGER.INFO: Datos  =Mozilla/5.0 (X11; Linux x86_64) AppleWebKit/537.36 (KHTML, like Gecko) Chrome/73.0.3683.86 Safari/537.36 [] {"uid":"a1ab03e"}
[2019-06-13 15:54:01] UTN FRA LOGGER.INFO: ip =::1 [] {"uid":"a1ab03e"}
[2019-06-13 15:54:01] UTN FRA LOGGER.INFO: Datos  =Mozilla/5.0 (X11; Linux x86_64) AppleWebKit/537.36 (KHTML, like Gecko) Chrome/73.0.3683.86 Safari/537.36 [] {"uid":"74bb1fc"}
[2019-06-13 15:54:01] UTN FRA LOGGER.INFO: ip =::1 [] {"uid":"74bb1fc"}
[2019-06-13 15:54:01] UTN FRA LOGGER.INFO: Datos  =Mozilla/5.0 (X11; Linux x86_64) AppleWebKit/537.36 (KHTML, like Gecko) Chrome/73.0.3683.86 Safari/537.36 [] {"uid":"e07b9d7"}
[2019-06-13 15:54:01] UTN FRA LOGGER.INFO: ip =::1 [] {"uid":"e07b9d7"}
[2019-06-13 15:54:01] UTN FRA LOGGER.INFO: Datos  =Mozilla/5.0 (X11; Linux x86_64) AppleWebKit/537.36 (KHTML, like Gecko) Chrome/73.0.3683.86 Safari/537.36 [] {"uid":"b3e7a0b"}
[2019-06-13 15:54:01] UTN FRA LOGGER.INFO: ip =::1 [] {"uid":"b3e7a0b"}
[2019-06-13 15:54:02] UTN FRA LOGGER.INFO: Datos  =Mozilla/5.0 (X11; Linux x86_64) AppleWebKit/537.36 (KHTML, like Gecko) Chrome/73.0.3683.86 Safari/537.36 [] {"uid":"e6fa77e"}
[2019-06-13 15:54:02] UTN FRA LOGGER.INFO: ip =::1 [] {"uid":"e6fa77e"}
[2019-06-13 15:54:02] UTN FRA LOGGER.INFO: Datos  =Mozilla/5.0 (X11; Linux x86_64) AppleWebKit/537.36 (KHTML, like Gecko) Chrome/73.0.3683.86 Safari/537.36 [] {"uid":"262fbd8"}
[2019-06-13 15:54:02] UTN FRA LOGGER.INFO: ip =::1 [] {"uid":"262fbd8"}
[2019-06-13 15:54:29] UTN FRA LOGGER.INFO: Datos  =Mozilla/5.0 (X11; Linux x86_64) AppleWebKit/537.36 (KHTML, like Gecko) Chrome/73.0.3683.86 Safari/537.36 [] {"uid":"69026c5"}
[2019-06-13 15:54:29] UTN FRA LOGGER.INFO: ip =::1 [] {"uid":"69026c5"}
[2019-06-13 15:54:53] UTN FRA LOGGER.INFO: Datos  =Mozilla/5.0 (X11; Linux x86_64) AppleWebKit/537.36 (KHTML, like Gecko) Chrome/73.0.3683.86 Safari/537.36 [] {"uid":"7f80bac"}
[2019-06-13 15:54:53] UTN FRA LOGGER.INFO: ip =::1 [] {"uid":"7f80bac"}
[2019-06-13 16:14:20] UTN FRA LOGGER.INFO: Datos  =PostmanRuntime/7.1.1 [] {"uid":"f37f107"}
[2019-06-13 16:14:20] UTN FRA LOGGER.INFO: ip =::1 [] {"uid":"f37f107"}
[2019-06-13 16:14:25] UTN FRA LOGGER.INFO: Datos  =PostmanRuntime/7.1.1 [] {"uid":"f86c548"}
[2019-06-13 16:14:25] UTN FRA LOGGER.INFO: ip =::1 [] {"uid":"f86c548"}
[2019-06-13 16:16:52] UTN FRA LOGGER.INFO: Datos  =PostmanRuntime/7.1.1 [] {"uid":"cfce916"}
[2019-06-13 16:16:52] UTN FRA LOGGER.INFO: ip =::1 [] {"uid":"cfce916"}
[2019-06-13 16:16:56] UTN FRA LOGGER.INFO: Datos  =PostmanRuntime/7.1.1 [] {"uid":"24b074c"}
[2019-06-13 16:16:56] UTN FRA LOGGER.INFO: ip =::1 [] {"uid":"24b074c"}
[2019-06-13 16:17:07] UTN FRA LOGGER.INFO: Datos  =PostmanRuntime/7.1.1 [] {"uid":"fecc8fc"}
[2019-06-13 16:17:07] UTN FRA LOGGER.INFO: ip =::1 [] {"uid":"fecc8fc"}
[2019-06-13 16:19:09] UTN FRA LOGGER.INFO: Datos  =Mozilla/5.0 (X11; Linux x86_64) AppleWebKit/537.36 (KHTML, like Gecko) Chrome/73.0.3683.86 Safari/537.36 [] {"uid":"e2193d4"}
[2019-06-13 16:19:09] UTN FRA LOGGER.INFO: ip =::1 [] {"uid":"e2193d4"}
[2019-06-13 16:19:58] UTN FRA LOGGER.INFO: Datos  =Mozilla/5.0 (X11; Linux x86_64) AppleWebKit/537.36 (KHTML, like Gecko) Chrome/73.0.3683.86 Safari/537.36 [] {"uid":"d83d781"}
[2019-06-13 16:19:58] UTN FRA LOGGER.INFO: ip =::1 [] {"uid":"d83d781"}
[2019-06-13 16:20:00] UTN FRA LOGGER.INFO: Datos  =Mozilla/5.0 (X11; Linux x86_64) AppleWebKit/537.36 (KHTML, like Gecko) Chrome/73.0.3683.86 Safari/537.36 [] {"uid":"89e32cc"}
[2019-06-13 16:20:00] UTN FRA LOGGER.INFO: ip =::1 [] {"uid":"89e32cc"}
[2019-06-13 16:20:32] UTN FRA LOGGER.INFO: Datos  =Mozilla/5.0 (X11; Linux x86_64) AppleWebKit/537.36 (KHTML, like Gecko) Chrome/73.0.3683.86 Safari/537.36 [] {"uid":"434586f"}
[2019-06-13 16:20:32] UTN FRA LOGGER.INFO: ip =::1 [] {"uid":"434586f"}
[2019-06-13 16:20:40] UTN FRA LOGGER.INFO: Datos  =PostmanRuntime/7.1.1 [] {"uid":"87cac8e"}
[2019-06-13 16:20:40] UTN FRA LOGGER.INFO: ip =::1 [] {"uid":"87cac8e"}
[2019-10-30 00:00:33] UTN FRA LOGGER.INFO: Datos  =Mozilla/5.0 (Windows NT 6.1; Win64; x64) AppleWebKit/537.36 (KHTML, like Gecko) Chrome/76.0.3809.132 Safari/537.36 [] {"uid":"6e533db"}
[2019-10-30 00:00:33] UTN FRA LOGGER.INFO: ip =127.0.0.1 [] {"uid":"6e533db"}
[2019-10-30 00:00:39] UTN FRA LOGGER.INFO: Datos  =Mozilla/5.0 (Windows NT 6.1; Win64; x64) AppleWebKit/537.36 (KHTML, like Gecko) Chrome/76.0.3809.132 Safari/537.36 [] {"uid":"7e676c6"}
[2019-10-30 00:00:39] UTN FRA LOGGER.INFO: ip =127.0.0.1 [] {"uid":"7e676c6"}
[2019-10-30 00:00:43] UTN FRA LOGGER.INFO: Datos  =Mozilla/5.0 (Windows NT 6.1; Win64; x64) AppleWebKit/537.36 (KHTML, like Gecko) Chrome/76.0.3809.132 Safari/537.36 [] {"uid":"745db06"}
[2019-10-30 00:00:43] UTN FRA LOGGER.INFO: ip =127.0.0.1 [] {"uid":"745db06"}
[2019-10-30 00:13:50] UTN FRA LOGGER.INFO: Datos  =Mozilla/5.0 (Windows NT 6.1; Win64; x64) AppleWebKit/537.36 (KHTML, like Gecko) Chrome/76.0.3809.132 Safari/537.36 [] {"uid":"9e96d7e"}
[2019-10-30 00:13:50] UTN FRA LOGGER.INFO: ip =127.0.0.1 [] {"uid":"9e96d7e"}
[2019-10-30 00:14:00] UTN FRA LOGGER.INFO: Datos  =Mozilla/5.0 (Windows NT 6.1; Win64; x64) AppleWebKit/537.36 (KHTML, like Gecko) Chrome/76.0.3809.132 Safari/537.36 [] {"uid":"1e9a56d"}
[2019-10-30 00:14:00] UTN FRA LOGGER.INFO: ip =127.0.0.1 [] {"uid":"1e9a56d"}
[2019-10-30 00:14:51] UTN FRA LOGGER.INFO: Datos  =Mozilla/5.0 (Windows NT 6.1; Win64; x64) AppleWebKit/537.36 (KHTML, like Gecko) Chrome/76.0.3809.132 Safari/537.36 [] {"uid":"45516c8"}
[2019-10-30 00:14:51] UTN FRA LOGGER.INFO: ip =127.0.0.1 [] {"uid":"45516c8"}
[2019-10-30 00:14:54] UTN FRA LOGGER.INFO: Datos  =Mozilla/5.0 (Windows NT 6.1; Win64; x64) AppleWebKit/537.36 (KHTML, like Gecko) Chrome/76.0.3809.132 Safari/537.36 [] {"uid":"d471ed7"}
[2019-10-30 00:14:54] UTN FRA LOGGER.INFO: ip =127.0.0.1 [] {"uid":"d471ed7"}
[2019-10-30 00:15:11] UTN FRA LOGGER.INFO: Datos  =Mozilla/5.0 (Windows NT 6.1; Win64; x64) AppleWebKit/537.36 (KHTML, like Gecko) Chrome/76.0.3809.132 Safari/537.36 [] {"uid":"4589cf9"}
[2019-10-30 00:15:11] UTN FRA LOGGER.INFO: ip =127.0.0.1 [] {"uid":"4589cf9"}
[2019-10-30 00:15:13] UTN FRA LOGGER.INFO: Datos  =Mozilla/5.0 (Windows NT 6.1; Win64; x64) AppleWebKit/537.36 (KHTML, like Gecko) Chrome/76.0.3809.132 Safari/537.36 [] {"uid":"ec9d565"}
[2019-10-30 00:15:13] UTN FRA LOGGER.INFO: ip =127.0.0.1 [] {"uid":"ec9d565"}
[2019-10-30 00:16:01] UTN FRA LOGGER.INFO: Datos  =Mozilla/5.0 (Windows NT 6.1; Win64; x64) AppleWebKit/537.36 (KHTML, like Gecko) Chrome/76.0.3809.132 Safari/537.36 [] {"uid":"6b8d817"}
[2019-10-30 00:16:01] UTN FRA LOGGER.INFO: ip =127.0.0.1 [] {"uid":"6b8d817"}
[2019-10-30 00:16:06] UTN FRA LOGGER.INFO: Datos  =Mozilla/5.0 (Windows NT 6.1; Win64; x64) AppleWebKit/537.36 (KHTML, like Gecko) Chrome/76.0.3809.132 Safari/537.36 [] {"uid":"9fcc05a"}
[2019-10-30 00:16:06] UTN FRA LOGGER.INFO: ip =127.0.0.1 [] {"uid":"9fcc05a"}
[2019-10-30 00:16:10] UTN FRA LOGGER.INFO: Datos  =Mozilla/5.0 (Windows NT 6.1; Win64; x64) AppleWebKit/537.36 (KHTML, like Gecko) Chrome/76.0.3809.132 Safari/537.36 [] {"uid":"dff83a6"}
[2019-10-30 00:16:10] UTN FRA LOGGER.INFO: ip =127.0.0.1 [] {"uid":"dff83a6"}
[2019-10-30 00:16:14] UTN FRA LOGGER.INFO: Datos  =Mozilla/5.0 (Windows NT 6.1; Win64; x64) AppleWebKit/537.36 (KHTML, like Gecko) Chrome/76.0.3809.132 Safari/537.36 [] {"uid":"52cdc7a"}
[2019-10-30 00:16:14] UTN FRA LOGGER.INFO: ip =127.0.0.1 [] {"uid":"52cdc7a"}
[2019-10-30 00:16:17] UTN FRA LOGGER.INFO: Datos  =Mozilla/5.0 (Windows NT 6.1; Win64; x64) AppleWebKit/537.36 (KHTML, like Gecko) Chrome/76.0.3809.132 Safari/537.36 [] {"uid":"cfdd9e2"}
[2019-10-30 00:16:17] UTN FRA LOGGER.INFO: ip =127.0.0.1 [] {"uid":"cfdd9e2"}
[2019-10-30 00:16:31] UTN FRA LOGGER.INFO: Datos  =Mozilla/5.0 (Windows NT 6.1; Win64; x64) AppleWebKit/537.36 (KHTML, like Gecko) Chrome/76.0.3809.132 Safari/537.36 [] {"uid":"e393a2e"}
[2019-10-30 00:16:31] UTN FRA LOGGER.INFO: ip =127.0.0.1 [] {"uid":"e393a2e"}
[2019-10-30 00:17:12] UTN FRA LOGGER.INFO: Datos  =Mozilla/5.0 (Windows NT 6.1; Win64; x64) AppleWebKit/537.36 (KHTML, like Gecko) Chrome/76.0.3809.132 Safari/537.36 [] {"uid":"e73af8b"}
[2019-10-30 00:17:12] UTN FRA LOGGER.INFO: ip =127.0.0.1 [] {"uid":"e73af8b"}
[2019-10-30 00:17:18] UTN FRA LOGGER.INFO: Datos  =Mozilla/5.0 (Windows NT 6.1; Win64; x64) AppleWebKit/537.36 (KHTML, like Gecko) Chrome/76.0.3809.132 Safari/537.36 [] {"uid":"52f0e01"}
[2019-10-30 00:17:18] UTN FRA LOGGER.INFO: ip =127.0.0.1 [] {"uid":"52f0e01"}
[2019-10-30 00:17:33] UTN FRA LOGGER.INFO: Datos  =Mozilla/5.0 (Windows NT 6.1; Win64; x64) AppleWebKit/537.36 (KHTML, like Gecko) Chrome/76.0.3809.132 Safari/537.36 [] {"uid":"855fd0e"}
[2019-10-30 00:17:33] UTN FRA LOGGER.INFO: ip =127.0.0.1 [] {"uid":"855fd0e"}
[2019-10-30 00:19:43] UTN FRA LOGGER.INFO: Datos  =Mozilla/5.0 (Windows NT 6.1; Win64; x64) AppleWebKit/537.36 (KHTML, like Gecko) Chrome/76.0.3809.132 Safari/537.36 [] {"uid":"8ff2e4f"}
[2019-10-30 00:19:43] UTN FRA LOGGER.INFO: ip =127.0.0.1 [] {"uid":"8ff2e4f"}
[2019-10-30 00:20:28] UTN FRA LOGGER.INFO: Datos  =Mozilla/5.0 (Windows NT 6.1; Win64; x64) AppleWebKit/537.36 (KHTML, like Gecko) Chrome/76.0.3809.132 Safari/537.36 [] {"uid":"33c5a60"}
[2019-10-30 00:20:28] UTN FRA LOGGER.INFO: ip =127.0.0.1 [] {"uid":"33c5a60"}
[2019-10-30 00:20:29] UTN FRA LOGGER.INFO: Datos  =Mozilla/5.0 (Windows NT 6.1; Win64; x64) AppleWebKit/537.36 (KHTML, like Gecko) Chrome/76.0.3809.132 Safari/537.36 [] {"uid":"921a366"}
[2019-10-30 00:20:29] UTN FRA LOGGER.INFO: ip =127.0.0.1 [] {"uid":"921a366"}
[2019-10-30 00:21:10] UTN FRA LOGGER.INFO: Datos  =Mozilla/5.0 (Windows NT 6.1; Win64; x64) AppleWebKit/537.36 (KHTML, like Gecko) Chrome/76.0.3809.132 Safari/537.36 [] {"uid":"af8788c"}
[2019-10-30 00:21:10] UTN FRA LOGGER.INFO: ip =127.0.0.1 [] {"uid":"af8788c"}
[2019-10-30 00:22:21] UTN FRA LOGGER.INFO: Datos  =Mozilla/5.0 (Windows NT 6.1; Win64; x64) AppleWebKit/537.36 (KHTML, like Gecko) Chrome/76.0.3809.132 Safari/537.36 [] {"uid":"4d68777"}
[2019-10-30 00:22:21] UTN FRA LOGGER.INFO: ip =127.0.0.1 [] {"uid":"4d68777"}
[2019-10-30 00:25:13] UTN FRA LOGGER.INFO: Datos  =Mozilla/5.0 (Windows NT 6.1; Win64; x64) AppleWebKit/537.36 (KHTML, like Gecko) Chrome/76.0.3809.132 Safari/537.36 [] {"uid":"782ef0a"}
[2019-10-30 00:25:13] UTN FRA LOGGER.INFO: ip =127.0.0.1 [] {"uid":"782ef0a"}
[2019-10-30 00:25:35] UTN FRA LOGGER.INFO: Datos  =Mozilla/5.0 (Windows NT 6.1; Win64; x64) AppleWebKit/537.36 (KHTML, like Gecko) Chrome/76.0.3809.132 Safari/537.36 [] {"uid":"63a3d32"}
[2019-10-30 00:25:35] UTN FRA LOGGER.INFO: ip =127.0.0.1 [] {"uid":"63a3d32"}
[2019-10-30 00:30:57] UTN FRA LOGGER.INFO: Datos  =Mozilla/5.0 (Windows NT 6.1; Win64; x64) AppleWebKit/537.36 (KHTML, like Gecko) Chrome/76.0.3809.132 Safari/537.36 [] {"uid":"27e7ceb"}
[2019-10-30 00:30:57] UTN FRA LOGGER.INFO: ip =127.0.0.1 [] {"uid":"27e7ceb"}
[2019-10-30 00:37:34] UTN FRA LOGGER.INFO: Datos  =Mozilla/5.0 (Windows NT 6.1; Win64; x64) AppleWebKit/537.36 (KHTML, like Gecko) Chrome/76.0.3809.132 Safari/537.36 [] {"uid":"58b19ee"}
[2019-10-30 00:37:34] UTN FRA LOGGER.INFO: ip =127.0.0.1 [] {"uid":"58b19ee"}
[2019-10-30 00:38:05] UTN FRA LOGGER.INFO: Datos  =Mozilla/5.0 (Windows NT 6.1; Win64; x64) AppleWebKit/537.36 (KHTML, like Gecko) Chrome/76.0.3809.132 Safari/537.36 [] {"uid":"3e630d9"}
[2019-10-30 00:38:05] UTN FRA LOGGER.INFO: ip =127.0.0.1 [] {"uid":"3e630d9"}
[2019-10-30 00:38:28] UTN FRA LOGGER.INFO: Datos  =Mozilla/5.0 (Windows NT 6.1; Win64; x64) AppleWebKit/537.36 (KHTML, like Gecko) Chrome/76.0.3809.132 Safari/537.36 [] {"uid":"52b95a9"}
[2019-10-30 00:38:28] UTN FRA LOGGER.INFO: ip =127.0.0.1 [] {"uid":"52b95a9"}
[2019-10-30 00:38:59] UTN FRA LOGGER.INFO: Datos  =Mozilla/5.0 (Windows NT 6.1; Win64; x64) AppleWebKit/537.36 (KHTML, like Gecko) Chrome/76.0.3809.132 Safari/537.36 [] {"uid":"e30fa08"}
[2019-10-30 00:38:59] UTN FRA LOGGER.INFO: ip =127.0.0.1 [] {"uid":"e30fa08"}
[2019-10-30 00:39:08] UTN FRA LOGGER.INFO: Datos  =Mozilla/5.0 (Windows NT 6.1; Win64; x64) AppleWebKit/537.36 (KHTML, like Gecko) Chrome/76.0.3809.132 Safari/537.36 [] {"uid":"c7e072c"}
[2019-10-30 00:39:08] UTN FRA LOGGER.INFO: ip =127.0.0.1 [] {"uid":"c7e072c"}
[2019-10-30 00:39:23] UTN FRA LOGGER.INFO: Datos  =Mozilla/5.0 (Windows NT 6.1; Win64; x64) AppleWebKit/537.36 (KHTML, like Gecko) Chrome/76.0.3809.132 Safari/537.36 [] {"uid":"f7ec559"}
[2019-10-30 00:39:23] UTN FRA LOGGER.INFO: ip =127.0.0.1 [] {"uid":"f7ec559"}
[2019-10-30 00:39:34] UTN FRA LOGGER.INFO: Datos  =Mozilla/5.0 (Windows NT 6.1; Win64; x64) AppleWebKit/537.36 (KHTML, like Gecko) Chrome/76.0.3809.132 Safari/537.36 [] {"uid":"cb883a5"}
[2019-10-30 00:39:34] UTN FRA LOGGER.INFO: ip =127.0.0.1 [] {"uid":"cb883a5"}
[2019-10-30 01:39:08] UTN FRA LOGGER.INFO: Datos  =Mozilla/5.0 (Windows NT 6.1; Win64; x64) AppleWebKit/537.36 (KHTML, like Gecko) Chrome/76.0.3809.132 Safari/537.36 [] {"uid":"02ad037"}
[2019-10-30 01:39:08] UTN FRA LOGGER.INFO: ip =127.0.0.1 [] {"uid":"02ad037"}
[2019-10-30 01:39:15] UTN FRA LOGGER.INFO: Datos  =Mozilla/5.0 (Windows NT 6.1; Win64; x64) AppleWebKit/537.36 (KHTML, like Gecko) Chrome/76.0.3809.132 Safari/537.36 [] {"uid":"c68348b"}
[2019-10-30 01:39:15] UTN FRA LOGGER.INFO: ip =127.0.0.1 [] {"uid":"c68348b"}
[2019-10-30 01:39:45] UTN FRA LOGGER.INFO: Datos  =Mozilla/5.0 (Windows NT 6.1; Win64; x64) AppleWebKit/537.36 (KHTML, like Gecko) Chrome/76.0.3809.132 Safari/537.36 [] {"uid":"8cd1502"}
[2019-10-30 01:39:45] UTN FRA LOGGER.INFO: ip =127.0.0.1 [] {"uid":"8cd1502"}
[2019-10-30 01:45:09] UTN FRA LOGGER.INFO: Datos  =Mozilla/5.0 (Windows NT 6.1; Win64; x64) AppleWebKit/537.36 (KHTML, like Gecko) Chrome/76.0.3809.132 Safari/537.36 [] {"uid":"c0c0228"}
[2019-10-30 01:45:09] UTN FRA LOGGER.INFO: ip =127.0.0.1 [] {"uid":"c0c0228"}
[2019-10-30 01:46:40] UTN FRA LOGGER.INFO: Datos  =Mozilla/5.0 (Windows NT 6.1; Win64; x64) AppleWebKit/537.36 (KHTML, like Gecko) Chrome/76.0.3809.132 Safari/537.36 [] {"uid":"549b464"}
[2019-10-30 01:46:40] UTN FRA LOGGER.INFO: ip =127.0.0.1 [] {"uid":"549b464"}
[2019-10-30 01:47:30] UTN FRA LOGGER.INFO: Datos  =Mozilla/5.0 (Windows NT 6.1; Win64; x64) AppleWebKit/537.36 (KHTML, like Gecko) Chrome/76.0.3809.132 Safari/537.36 [] {"uid":"a1e5422"}
[2019-10-30 01:47:30] UTN FRA LOGGER.INFO: ip =127.0.0.1 [] {"uid":"a1e5422"}
[2019-10-30 01:47:31] UTN FRA LOGGER.INFO: Datos  =Mozilla/5.0 (Windows NT 6.1; Win64; x64) AppleWebKit/537.36 (KHTML, like Gecko) Chrome/76.0.3809.132 Safari/537.36 [] {"uid":"f8ef637"}
[2019-10-30 01:47:31] UTN FRA LOGGER.INFO: ip =127.0.0.1 [] {"uid":"f8ef637"}
[2019-10-30 01:47:53] UTN FRA LOGGER.INFO: Datos  =Mozilla/5.0 (Windows NT 6.1; Win64; x64) AppleWebKit/537.36 (KHTML, like Gecko) Chrome/76.0.3809.132 Safari/537.36 [] {"uid":"aad3567"}
[2019-10-30 01:47:53] UTN FRA LOGGER.INFO: ip =127.0.0.1 [] {"uid":"aad3567"}
[2019-10-30 01:48:51] UTN FRA LOGGER.INFO: Datos  =Mozilla/5.0 (Windows NT 6.1; Win64; x64) AppleWebKit/537.36 (KHTML, like Gecko) Chrome/76.0.3809.132 Safari/537.36 [] {"uid":"1e65122"}
[2019-10-30 01:48:51] UTN FRA LOGGER.INFO: ip =127.0.0.1 [] {"uid":"1e65122"}
[2019-10-30 01:50:54] UTN FRA LOGGER.INFO: Datos  =Mozilla/5.0 (Windows NT 6.1; Win64; x64) AppleWebKit/537.36 (KHTML, like Gecko) Chrome/76.0.3809.132 Safari/537.36 [] {"uid":"c7e011e"}
[2019-10-30 01:50:54] UTN FRA LOGGER.INFO: ip =127.0.0.1 [] {"uid":"c7e011e"}
[2019-10-30 01:55:13] UTN FRA LOGGER.INFO: Datos  =Mozilla/5.0 (Windows NT 6.1; Win64; x64) AppleWebKit/537.36 (KHTML, like Gecko) Chrome/76.0.3809.132 Safari/537.36 [] {"uid":"1c224f1"}
[2019-10-30 01:55:13] UTN FRA LOGGER.INFO: ip =127.0.0.1 [] {"uid":"1c224f1"}
[2019-10-30 01:56:20] UTN FRA LOGGER.INFO: Datos  =Mozilla/5.0 (Windows NT 6.1; Win64; x64) AppleWebKit/537.36 (KHTML, like Gecko) Chrome/76.0.3809.132 Safari/537.36 [] {"uid":"371dc6d"}
[2019-10-30 01:56:20] UTN FRA LOGGER.INFO: ip =127.0.0.1 [] {"uid":"371dc6d"}
[2019-10-30 01:57:13] UTN FRA LOGGER.INFO: Datos  =Mozilla/5.0 (Windows NT 6.1; Win64; x64) AppleWebKit/537.36 (KHTML, like Gecko) Chrome/76.0.3809.132 Safari/537.36 [] {"uid":"a1fa064"}
[2019-10-30 01:57:13] UTN FRA LOGGER.INFO: ip =127.0.0.1 [] {"uid":"a1fa064"}
[2019-10-30 01:57:55] UTN FRA LOGGER.INFO: Datos  =Mozilla/5.0 (Windows NT 6.1; Win64; x64) AppleWebKit/537.36 (KHTML, like Gecko) Chrome/76.0.3809.132 Safari/537.36 [] {"uid":"085de8c"}
[2019-10-30 01:57:55] UTN FRA LOGGER.INFO: ip =127.0.0.1 [] {"uid":"085de8c"}
[2019-10-30 02:00:07] UTN FRA LOGGER.INFO: Datos  =Mozilla/5.0 (Windows NT 6.1; Win64; x64) AppleWebKit/537.36 (KHTML, like Gecko) Chrome/76.0.3809.132 Safari/537.36 [] {"uid":"08e3757"}
[2019-10-30 02:00:07] UTN FRA LOGGER.INFO: ip =127.0.0.1 [] {"uid":"08e3757"}
[2019-10-30 02:00:42] UTN FRA LOGGER.INFO: Datos  =Mozilla/5.0 (Windows NT 6.1; Win64; x64) AppleWebKit/537.36 (KHTML, like Gecko) Chrome/76.0.3809.132 Safari/537.36 [] {"uid":"3d35105"}
[2019-10-30 02:00:42] UTN FRA LOGGER.INFO: ip =127.0.0.1 [] {"uid":"3d35105"}
[2019-10-30 02:02:08] UTN FRA LOGGER.INFO: Datos  =Mozilla/5.0 (Windows NT 6.1; Win64; x64) AppleWebKit/537.36 (KHTML, like Gecko) Chrome/76.0.3809.132 Safari/537.36 [] {"uid":"b5a0c40"}
[2019-10-30 02:02:08] UTN FRA LOGGER.INFO: ip =127.0.0.1 [] {"uid":"b5a0c40"}
[2019-11-09 20:50:33] UTN FRA LOGGER.INFO: Datos  =PostmanRuntime/7.19.0 [] {"uid":"f7f6160"}
[2019-11-09 20:50:33] UTN FRA LOGGER.INFO: ip = [] {"uid":"f7f6160"}
[2019-11-09 20:52:25] UTN FRA LOGGER.INFO: Datos  =PostmanRuntime/7.19.0 [] {"uid":"02086bd"}
[2019-11-09 20:52:25] UTN FRA LOGGER.INFO: ip = [] {"uid":"02086bd"}
[2019-11-09 20:55:33] UTN FRA LOGGER.INFO: Datos  =PostmanRuntime/7.19.0 [] {"uid":"ca11be3"}
[2019-11-09 20:55:33] UTN FRA LOGGER.INFO: ip = [] {"uid":"ca11be3"}
[2019-11-09 20:57:22] UTN FRA LOGGER.INFO: Datos  =PostmanRuntime/7.19.0 [] {"uid":"2b83a72"}
[2019-11-09 20:57:22] UTN FRA LOGGER.INFO: ip = [] {"uid":"2b83a72"}
[2019-11-09 20:58:00] UTN FRA LOGGER.INFO: Datos  =PostmanRuntime/7.19.0 [] {"uid":"38cacda"}
[2019-11-09 20:58:00] UTN FRA LOGGER.INFO: ip = [] {"uid":"38cacda"}
[2019-11-09 20:58:28] UTN FRA LOGGER.INFO: Datos  =PostmanRuntime/7.19.0 [] {"uid":"7d3ff7c"}
[2019-11-09 20:58:28] UTN FRA LOGGER.INFO: ip = [] {"uid":"7d3ff7c"}
[2019-11-09 20:59:25] UTN FRA LOGGER.INFO: Datos  =PostmanRuntime/7.19.0 [] {"uid":"951cded"}
[2019-11-09 20:59:25] UTN FRA LOGGER.INFO: ip = [] {"uid":"951cded"}
[2019-11-09 21:00:19] UTN FRA LOGGER.INFO: Datos  =PostmanRuntime/7.19.0 [] {"uid":"43f14da"}
[2019-11-09 21:00:19] UTN FRA LOGGER.INFO: ip = [] {"uid":"43f14da"}
[2019-11-09 21:02:43] UTN FRA LOGGER.INFO: Datos  =PostmanRuntime/7.19.0 [] {"uid":"90c67be"}
[2019-11-09 21:02:43] UTN FRA LOGGER.INFO: ip = [] {"uid":"90c67be"}
[2019-11-09 21:04:19] UTN FRA LOGGER.INFO: Datos  =PostmanRuntime/7.19.0 [] {"uid":"3391f52"}
[2019-11-09 21:04:19] UTN FRA LOGGER.INFO: ip = [] {"uid":"3391f52"}
[2019-11-09 21:05:20] UTN FRA LOGGER.INFO: Datos  =PostmanRuntime/7.19.0 [] {"uid":"e85300d"}
[2019-11-09 21:05:20] UTN FRA LOGGER.INFO: ip = [] {"uid":"e85300d"}
[2019-11-09 21:05:25] UTN FRA LOGGER.INFO: Datos  =PostmanRuntime/7.19.0 [] {"uid":"49aa0d3"}
[2019-11-09 21:05:25] UTN FRA LOGGER.INFO: ip = [] {"uid":"49aa0d3"}
[2019-11-09 21:06:34] UTN FRA LOGGER.INFO: Datos  =PostmanRuntime/7.19.0 [] {"uid":"39ee494"}
[2019-11-09 21:06:34] UTN FRA LOGGER.INFO: ip = [] {"uid":"39ee494"}
[2019-11-09 21:06:53] UTN FRA LOGGER.INFO: Datos  =PostmanRuntime/7.19.0 [] {"uid":"29316a5"}
[2019-11-09 21:06:53] UTN FRA LOGGER.INFO: ip = [] {"uid":"29316a5"}
[2019-11-09 21:07:00] UTN FRA LOGGER.INFO: Datos  =PostmanRuntime/7.19.0 [] {"uid":"e839469"}
[2019-11-09 21:07:00] UTN FRA LOGGER.INFO: ip = [] {"uid":"e839469"}
[2019-11-09 21:07:52] UTN FRA LOGGER.INFO: Datos  =PostmanRuntime/7.19.0 [] {"uid":"bcb13c9"}
[2019-11-09 21:07:52] UTN FRA LOGGER.INFO: ip = [] {"uid":"bcb13c9"}
[2019-11-09 21:07:56] UTN FRA LOGGER.INFO: Datos  =PostmanRuntime/7.19.0 [] {"uid":"367bd49"}
[2019-11-09 21:07:56] UTN FRA LOGGER.INFO: ip = [] {"uid":"367bd49"}
[2019-11-09 21:10:17] UTN FRA LOGGER.INFO: Datos  =PostmanRuntime/7.19.0 [] {"uid":"b3c365e"}
[2019-11-09 21:10:17] UTN FRA LOGGER.INFO: ip = [] {"uid":"b3c365e"}
[2019-11-09 21:10:22] UTN FRA LOGGER.INFO: Datos  =PostmanRuntime/7.19.0 [] {"uid":"9c64dee"}
[2019-11-09 21:10:22] UTN FRA LOGGER.INFO: ip = [] {"uid":"9c64dee"}
[2019-11-09 21:10:25] UTN FRA LOGGER.INFO: Datos  =PostmanRuntime/7.19.0 [] {"uid":"2023b83"}
[2019-11-09 21:10:25] UTN FRA LOGGER.INFO: ip = [] {"uid":"2023b83"}
[2019-11-09 21:10:28] UTN FRA LOGGER.INFO: Datos  =PostmanRuntime/7.19.0 [] {"uid":"23b0ded"}
[2019-11-09 21:10:28] UTN FRA LOGGER.INFO: ip = [] {"uid":"23b0ded"}
[2019-11-09 21:10:56] UTN FRA LOGGER.INFO: Datos  =PostmanRuntime/7.19.0 [] {"uid":"5abd669"}
[2019-11-09 21:10:56] UTN FRA LOGGER.INFO: ip = [] {"uid":"5abd669"}
[2019-11-09 21:11:01] UTN FRA LOGGER.INFO: Datos  =PostmanRuntime/7.19.0 [] {"uid":"6531a55"}
[2019-11-09 21:11:01] UTN FRA LOGGER.INFO: ip = [] {"uid":"6531a55"}
[2019-11-09 21:11:22] UTN FRA LOGGER.INFO: Datos  =PostmanRuntime/7.19.0 [] {"uid":"ebb0105"}
[2019-11-09 21:11:22] UTN FRA LOGGER.INFO: ip = [] {"uid":"ebb0105"}
[2019-11-09 21:11:33] UTN FRA LOGGER.INFO: Datos  =PostmanRuntime/7.19.0 [] {"uid":"557a952"}
[2019-11-09 21:11:33] UTN FRA LOGGER.INFO: ip = [] {"uid":"557a952"}
[2019-11-09 21:13:16] UTN FRA LOGGER.INFO: Datos  =PostmanRuntime/7.19.0 [] {"uid":"389f269"}
[2019-11-09 21:13:16] UTN FRA LOGGER.INFO: ip = [] {"uid":"389f269"}
[2019-11-09 21:17:27] UTN FRA LOGGER.INFO: Datos  =PostmanRuntime/7.19.0 [] {"uid":"2a4c04a"}
[2019-11-09 21:17:27] UTN FRA LOGGER.INFO: ip = [] {"uid":"2a4c04a"}
[2019-11-09 21:17:42] UTN FRA LOGGER.INFO: Datos  =PostmanRuntime/7.19.0 [] {"uid":"8851431"}
[2019-11-09 21:17:42] UTN FRA LOGGER.INFO: ip = [] {"uid":"8851431"}
[2019-11-09 21:17:50] UTN FRA LOGGER.INFO: Datos  =PostmanRuntime/7.19.0 [] {"uid":"f9be396"}
[2019-11-09 21:17:50] UTN FRA LOGGER.INFO: ip = [] {"uid":"f9be396"}
[2019-11-09 21:27:58] UTN FRA LOGGER.INFO: Datos  =PostmanRuntime/7.19.0 [] {"uid":"4707a4c"}
[2019-11-09 21:27:58] UTN FRA LOGGER.INFO: ip = [] {"uid":"4707a4c"}
[2019-11-09 21:28:24] UTN FRA LOGGER.INFO: Datos  =PostmanRuntime/7.19.0 [] {"uid":"810989b"}
[2019-11-09 21:28:24] UTN FRA LOGGER.INFO: ip = [] {"uid":"810989b"}
[2019-11-09 21:28:29] UTN FRA LOGGER.INFO: Datos  =PostmanRuntime/7.19.0 [] {"uid":"80dafea"}
[2019-11-09 21:28:29] UTN FRA LOGGER.INFO: ip = [] {"uid":"80dafea"}
[2019-11-09 21:30:19] UTN FRA LOGGER.INFO: Datos  =PostmanRuntime/7.19.0 [] {"uid":"29bb6e0"}
[2019-11-09 21:30:19] UTN FRA LOGGER.INFO: ip = [] {"uid":"29bb6e0"}
[2019-11-09 21:30:33] UTN FRA LOGGER.INFO: Datos  =PostmanRuntime/7.19.0 [] {"uid":"d4b2483"}
[2019-11-09 21:30:33] UTN FRA LOGGER.INFO: ip = [] {"uid":"d4b2483"}
[2019-11-09 21:31:32] UTN FRA LOGGER.INFO: Datos  =PostmanRuntime/7.19.0 [] {"uid":"1481fc3"}
[2019-11-09 21:31:32] UTN FRA LOGGER.INFO: ip = [] {"uid":"1481fc3"}
[2019-11-09 21:32:16] UTN FRA LOGGER.INFO: Datos  =PostmanRuntime/7.19.0 [] {"uid":"f5693c1"}
[2019-11-09 21:32:16] UTN FRA LOGGER.INFO: ip = [] {"uid":"f5693c1"}
[2019-11-09 21:32:22] UTN FRA LOGGER.INFO: Datos  =PostmanRuntime/7.19.0 [] {"uid":"d16548d"}
[2019-11-09 21:32:22] UTN FRA LOGGER.INFO: ip = [] {"uid":"d16548d"}
[2019-11-09 21:34:18] UTN FRA LOGGER.INFO: Datos  =PostmanRuntime/7.19.0 [] {"uid":"24ec126"}
[2019-11-09 21:34:18] UTN FRA LOGGER.INFO: ip = [] {"uid":"24ec126"}
[2019-11-12 23:09:13] UTN FRA LOGGER.INFO: Datos  =Mozilla/5.0 (Windows NT 6.1; Win64; x64) AppleWebKit/537.36 (KHTML, like Gecko) Chrome/76.0.3809.132 Safari/537.36 [] {"uid":"c987988"}
[2019-11-12 23:09:13] UTN FRA LOGGER.INFO: ip = [] {"uid":"c987988"}
[2019-11-12 23:09:48] UTN FRA LOGGER.INFO: Datos  =Mozilla/5.0 (Windows NT 6.1; Win64; x64) AppleWebKit/537.36 (KHTML, like Gecko) Chrome/76.0.3809.132 Safari/537.36 [] {"uid":"cf55800"}
[2019-11-12 23:09:48] UTN FRA LOGGER.INFO: ip = [] {"uid":"cf55800"}
[2019-11-12 23:10:46] UTN FRA LOGGER.INFO: Datos  =Mozilla/5.0 (Windows NT 6.1; Win64; x64) AppleWebKit/537.36 (KHTML, like Gecko) Chrome/76.0.3809.132 Safari/537.36 [] {"uid":"4a4fba9"}
[2019-11-12 23:10:46] UTN FRA LOGGER.INFO: ip = [] {"uid":"4a4fba9"}
[2019-11-12 23:11:40] UTN FRA LOGGER.INFO: Datos  =Mozilla/5.0 (Windows NT 6.1; Win64; x64) AppleWebKit/537.36 (KHTML, like Gecko) Chrome/76.0.3809.132 Safari/537.36 [] {"uid":"e799383"}
[2019-11-12 23:11:40] UTN FRA LOGGER.INFO: ip = [] {"uid":"e799383"}
[2019-11-12 23:12:15] UTN FRA LOGGER.INFO: Datos  =Mozilla/5.0 (Windows NT 6.1; Win64; x64) AppleWebKit/537.36 (KHTML, like Gecko) Chrome/76.0.3809.132 Safari/537.36 [] {"uid":"de17647"}
[2019-11-12 23:12:15] UTN FRA LOGGER.INFO: ip = [] {"uid":"de17647"}
[2019-11-12 23:13:07] UTN FRA LOGGER.INFO: Datos  =Mozilla/5.0 (Windows NT 6.1; Win64; x64) AppleWebKit/537.36 (KHTML, like Gecko) Chrome/76.0.3809.132 Safari/537.36 [] {"uid":"b14c34f"}
[2019-11-12 23:13:07] UTN FRA LOGGER.INFO: ip = [] {"uid":"b14c34f"}
[2019-11-12 23:13:31] UTN FRA LOGGER.INFO: Datos  =Mozilla/5.0 (Windows NT 6.1; Win64; x64) AppleWebKit/537.36 (KHTML, like Gecko) Chrome/76.0.3809.132 Safari/537.36 [] {"uid":"9a59c47"}
[2019-11-12 23:13:31] UTN FRA LOGGER.INFO: ip = [] {"uid":"9a59c47"}
[2019-11-12 23:14:02] UTN FRA LOGGER.INFO: Datos  =Mozilla/5.0 (Windows NT 6.1; Win64; x64) AppleWebKit/537.36 (KHTML, like Gecko) Chrome/76.0.3809.132 Safari/537.36 [] {"uid":"b537522"}
[2019-11-12 23:14:02] UTN FRA LOGGER.INFO: ip = [] {"uid":"b537522"}
[2019-11-12 23:14:34] UTN FRA LOGGER.INFO: Datos  =Mozilla/5.0 (Windows NT 6.1; Win64; x64) AppleWebKit/537.36 (KHTML, like Gecko) Chrome/76.0.3809.132 Safari/537.36 [] {"uid":"cb885fd"}
[2019-11-12 23:14:34] UTN FRA LOGGER.INFO: ip = [] {"uid":"cb885fd"}
[2019-11-12 23:14:46] UTN FRA LOGGER.INFO: Datos  =Mozilla/5.0 (Windows NT 6.1; Win64; x64) AppleWebKit/537.36 (KHTML, like Gecko) Chrome/76.0.3809.132 Safari/537.36 [] {"uid":"1c7268b"}
[2019-11-12 23:14:46] UTN FRA LOGGER.INFO: ip = [] {"uid":"1c7268b"}
[2019-11-12 23:28:24] UTN FRA LOGGER.INFO: Datos  =Mozilla/5.0 (Windows NT 6.1; Win64; x64) AppleWebKit/537.36 (KHTML, like Gecko) Chrome/76.0.3809.132 Safari/537.36 [] {"uid":"cc99886"}
[2019-11-12 23:28:24] UTN FRA LOGGER.INFO: ip = [] {"uid":"cc99886"}
[2019-11-12 23:30:26] UTN FRA LOGGER.INFO: Datos  =Mozilla/5.0 (Windows NT 6.1; Win64; x64) AppleWebKit/537.36 (KHTML, like Gecko) Chrome/76.0.3809.132 Safari/537.36 [] {"uid":"b187ae4"}
[2019-11-12 23:30:26] UTN FRA LOGGER.INFO: ip = [] {"uid":"b187ae4"}
[2019-11-12 23:33:06] UTN FRA LOGGER.INFO: Datos  =Mozilla/5.0 (Windows NT 6.1; Win64; x64) AppleWebKit/537.36 (KHTML, like Gecko) Chrome/76.0.3809.132 Safari/537.36 [] {"uid":"f0b41a4"}
[2019-11-12 23:33:06] UTN FRA LOGGER.INFO: ip = [] {"uid":"f0b41a4"}
[2019-11-12 23:33:23] UTN FRA LOGGER.INFO: Datos  =Mozilla/5.0 (Windows NT 6.1; Win64; x64) AppleWebKit/537.36 (KHTML, like Gecko) Chrome/76.0.3809.132 Safari/537.36 [] {"uid":"9939261"}
[2019-11-12 23:33:23] UTN FRA LOGGER.INFO: ip = [] {"uid":"9939261"}
[2019-11-12 23:34:32] UTN FRA LOGGER.INFO: Datos  =Mozilla/5.0 (Windows NT 6.1; Win64; x64) AppleWebKit/537.36 (KHTML, like Gecko) Chrome/76.0.3809.132 Safari/537.36 [] {"uid":"33511c7"}
[2019-11-12 23:34:32] UTN FRA LOGGER.INFO: ip = [] {"uid":"33511c7"}
[2019-11-12 23:35:22] UTN FRA LOGGER.INFO: Datos  =Mozilla/5.0 (Windows NT 6.1; Win64; x64) AppleWebKit/537.36 (KHTML, like Gecko) Chrome/76.0.3809.132 Safari/537.36 [] {"uid":"42de764"}
[2019-11-12 23:35:22] UTN FRA LOGGER.INFO: ip = [] {"uid":"42de764"}
[2019-11-12 23:35:46] UTN FRA LOGGER.INFO: Datos  =Mozilla/5.0 (Windows NT 6.1; Win64; x64) AppleWebKit/537.36 (KHTML, like Gecko) Chrome/76.0.3809.132 Safari/537.36 [] {"uid":"7265f55"}
[2019-11-12 23:35:46] UTN FRA LOGGER.INFO: ip = [] {"uid":"7265f55"}
[2019-11-12 23:36:23] UTN FRA LOGGER.INFO: Datos  =Mozilla/5.0 (Windows NT 6.1; Win64; x64) AppleWebKit/537.36 (KHTML, like Gecko) Chrome/76.0.3809.132 Safari/537.36 [] {"uid":"1031ef2"}
[2019-11-12 23:36:23] UTN FRA LOGGER.INFO: ip = [] {"uid":"1031ef2"}
[2019-11-12 23:36:34] UTN FRA LOGGER.INFO: Datos  =Mozilla/5.0 (Windows NT 6.1; Win64; x64) AppleWebKit/537.36 (KHTML, like Gecko) Chrome/76.0.3809.132 Safari/537.36 [] {"uid":"98b6c0f"}
[2019-11-12 23:36:34] UTN FRA LOGGER.INFO: ip = [] {"uid":"98b6c0f"}
[2019-11-12 23:37:56] UTN FRA LOGGER.INFO: Datos  =Mozilla/5.0 (Windows NT 6.1; Win64; x64) AppleWebKit/537.36 (KHTML, like Gecko) Chrome/76.0.3809.132 Safari/537.36 [] {"uid":"04e0335"}
[2019-11-12 23:37:56] UTN FRA LOGGER.INFO: ip = [] {"uid":"04e0335"}
[2019-11-12 23:38:22] UTN FRA LOGGER.INFO: Datos  =Mozilla/5.0 (Windows NT 6.1; Win64; x64) AppleWebKit/537.36 (KHTML, like Gecko) Chrome/76.0.3809.132 Safari/537.36 [] {"uid":"bf017a7"}
[2019-11-12 23:38:22] UTN FRA LOGGER.INFO: ip = [] {"uid":"bf017a7"}
[2019-11-12 23:38:24] UTN FRA LOGGER.INFO: Datos  =Mozilla/5.0 (Windows NT 6.1; Win64; x64) AppleWebKit/537.36 (KHTML, like Gecko) Chrome/76.0.3809.132 Safari/537.36 [] {"uid":"031ed2f"}
[2019-11-12 23:38:24] UTN FRA LOGGER.INFO: ip = [] {"uid":"031ed2f"}
[2019-11-12 23:38:34] UTN FRA LOGGER.INFO: Datos  =Mozilla/5.0 (Windows NT 6.1; Win64; x64) AppleWebKit/537.36 (KHTML, like Gecko) Chrome/76.0.3809.132 Safari/537.36 [] {"uid":"8d27847"}
[2019-11-12 23:38:34] UTN FRA LOGGER.INFO: ip = [] {"uid":"8d27847"}
[2019-11-12 23:55:58] UTN FRA LOGGER.INFO: Datos  =Mozilla/5.0 (Windows NT 6.1; Win64; x64) AppleWebKit/537.36 (KHTML, like Gecko) Chrome/76.0.3809.132 Safari/537.36 [] {"uid":"14f9b73"}
[2019-11-12 23:55:58] UTN FRA LOGGER.INFO: ip = [] {"uid":"14f9b73"}
[2019-11-13 00:02:59] UTN FRA LOGGER.INFO: Datos  =Mozilla/5.0 (Windows NT 6.1; Win64; x64) AppleWebKit/537.36 (KHTML, like Gecko) Chrome/76.0.3809.132 Safari/537.36 [] {"uid":"d6c3a54"}
[2019-11-13 00:02:59] UTN FRA LOGGER.INFO: ip = [] {"uid":"d6c3a54"}
[2019-11-13 00:04:19] UTN FRA LOGGER.INFO: Datos  =Mozilla/5.0 (Windows NT 6.1; Win64; x64) AppleWebKit/537.36 (KHTML, like Gecko) Chrome/76.0.3809.132 Safari/537.36 [] {"uid":"e9fa4fb"}
[2019-11-13 00:04:19] UTN FRA LOGGER.INFO: ip = [] {"uid":"e9fa4fb"}
[2019-11-13 00:04:28] UTN FRA LOGGER.INFO: Datos  =Mozilla/5.0 (Windows NT 6.1; Win64; x64) AppleWebKit/537.36 (KHTML, like Gecko) Chrome/76.0.3809.132 Safari/537.36 [] {"uid":"65ca3c4"}
[2019-11-13 00:04:28] UTN FRA LOGGER.INFO: ip = [] {"uid":"65ca3c4"}
[2019-11-13 00:04:45] UTN FRA LOGGER.INFO: Datos  =Mozilla/5.0 (Windows NT 6.1; Win64; x64) AppleWebKit/537.36 (KHTML, like Gecko) Chrome/76.0.3809.132 Safari/537.36 [] {"uid":"5391ce0"}
[2019-11-13 00:04:45] UTN FRA LOGGER.INFO: ip = [] {"uid":"5391ce0"}
[2019-11-13 00:04:54] UTN FRA LOGGER.INFO: Datos  =Mozilla/5.0 (Windows NT 6.1; Win64; x64) AppleWebKit/537.36 (KHTML, like Gecko) Chrome/76.0.3809.132 Safari/537.36 [] {"uid":"da09fd6"}
[2019-11-13 00:04:54] UTN FRA LOGGER.INFO: ip = [] {"uid":"da09fd6"}
[2019-11-13 00:14:51] UTN FRA LOGGER.INFO: Datos  =Mozilla/5.0 (Windows NT 6.1; Win64; x64) AppleWebKit/537.36 (KHTML, like Gecko) Chrome/76.0.3809.132 Safari/537.36 [] {"uid":"9291470"}
[2019-11-13 00:14:51] UTN FRA LOGGER.INFO: ip = [] {"uid":"9291470"}
[2019-11-13 00:14:56] UTN FRA LOGGER.INFO: Datos  =Mozilla/5.0 (Windows NT 6.1; Win64; x64) AppleWebKit/537.36 (KHTML, like Gecko) Chrome/76.0.3809.132 Safari/537.36 [] {"uid":"7a1d361"}
[2019-11-13 00:14:56] UTN FRA LOGGER.INFO: ip = [] {"uid":"7a1d361"}
[2019-11-13 00:19:14] UTN FRA LOGGER.INFO: Datos  =Mozilla/5.0 (Windows NT 6.1; Win64; x64) AppleWebKit/537.36 (KHTML, like Gecko) Chrome/76.0.3809.132 Safari/537.36 [] {"uid":"90c5cfc"}
[2019-11-13 00:19:14] UTN FRA LOGGER.INFO: ip = [] {"uid":"90c5cfc"}
[2019-11-13 00:20:06] UTN FRA LOGGER.INFO: Datos  =Mozilla/5.0 (Windows NT 6.1; Win64; x64) AppleWebKit/537.36 (KHTML, like Gecko) Chrome/76.0.3809.132 Safari/537.36 [] {"uid":"d5a1a48"}
[2019-11-13 00:20:06] UTN FRA LOGGER.INFO: ip = [] {"uid":"d5a1a48"}
[2019-11-13 00:20:52] UTN FRA LOGGER.INFO: Datos  =Mozilla/5.0 (Windows NT 6.1; Win64; x64) AppleWebKit/537.36 (KHTML, like Gecko) Chrome/76.0.3809.132 Safari/537.36 [] {"uid":"1d21173"}
[2019-11-13 00:20:52] UTN FRA LOGGER.INFO: ip = [] {"uid":"1d21173"}
[2019-11-13 00:23:13] UTN FRA LOGGER.INFO: Datos  =Mozilla/5.0 (Windows NT 6.1; Win64; x64) AppleWebKit/537.36 (KHTML, like Gecko) Chrome/76.0.3809.132 Safari/537.36 [] {"uid":"0ac6601"}
[2019-11-13 00:23:13] UTN FRA LOGGER.INFO: ip = [] {"uid":"0ac6601"}
[2019-11-13 00:24:04] UTN FRA LOGGER.INFO: Datos  =Mozilla/5.0 (Windows NT 6.1; Win64; x64) AppleWebKit/537.36 (KHTML, like Gecko) Chrome/76.0.3809.132 Safari/537.36 [] {"uid":"b1829ed"}
[2019-11-13 00:24:04] UTN FRA LOGGER.INFO: ip = [] {"uid":"b1829ed"}
[2019-11-13 00:24:17] UTN FRA LOGGER.INFO: Datos  =Mozilla/5.0 (Windows NT 6.1; Win64; x64) AppleWebKit/537.36 (KHTML, like Gecko) Chrome/76.0.3809.132 Safari/537.36 [] {"uid":"c46ff2e"}
[2019-11-13 00:24:17] UTN FRA LOGGER.INFO: ip = [] {"uid":"c46ff2e"}
[2019-11-13 00:24:34] UTN FRA LOGGER.INFO: Datos  =Mozilla/5.0 (Windows NT 6.1; Win64; x64) AppleWebKit/537.36 (KHTML, like Gecko) Chrome/76.0.3809.132 Safari/537.36 [] {"uid":"5d49e06"}
[2019-11-13 00:24:34] UTN FRA LOGGER.INFO: ip = [] {"uid":"5d49e06"}
[2019-11-13 00:25:12] UTN FRA LOGGER.INFO: Datos  =Mozilla/5.0 (Windows NT 6.1; Win64; x64) AppleWebKit/537.36 (KHTML, like Gecko) Chrome/76.0.3809.132 Safari/537.36 [] {"uid":"201c896"}
[2019-11-13 00:25:12] UTN FRA LOGGER.INFO: ip = [] {"uid":"201c896"}
[2019-11-13 00:25:34] UTN FRA LOGGER.INFO: Datos  =Mozilla/5.0 (Windows NT 6.1; Win64; x64) AppleWebKit/537.36 (KHTML, like Gecko) Chrome/76.0.3809.132 Safari/537.36 [] {"uid":"cad4331"}
[2019-11-13 00:25:34] UTN FRA LOGGER.INFO: ip = [] {"uid":"cad4331"}
[2019-11-13 00:25:58] UTN FRA LOGGER.INFO: Datos  =Mozilla/5.0 (Windows NT 6.1; Win64; x64) AppleWebKit/537.36 (KHTML, like Gecko) Chrome/76.0.3809.132 Safari/537.36 [] {"uid":"5368865"}
[2019-11-13 00:25:58] UTN FRA LOGGER.INFO: ip = [] {"uid":"5368865"}
[2019-11-13 00:26:13] UTN FRA LOGGER.INFO: Datos  =Mozilla/5.0 (Windows NT 6.1; Win64; x64) AppleWebKit/537.36 (KHTML, like Gecko) Chrome/76.0.3809.132 Safari/537.36 [] {"uid":"98486a0"}
[2019-11-13 00:26:13] UTN FRA LOGGER.INFO: ip = [] {"uid":"98486a0"}
[2019-11-13 00:27:46] UTN FRA LOGGER.INFO: Datos  =Mozilla/5.0 (Windows NT 6.1; Win64; x64) AppleWebKit/537.36 (KHTML, like Gecko) Chrome/76.0.3809.132 Safari/537.36 [] {"uid":"02c3d96"}
[2019-11-13 00:27:46] UTN FRA LOGGER.INFO: ip = [] {"uid":"02c3d96"}
[2019-11-13 00:28:48] UTN FRA LOGGER.INFO: Datos  =Mozilla/5.0 (Windows NT 6.1; Win64; x64) AppleWebKit/537.36 (KHTML, like Gecko) Chrome/76.0.3809.132 Safari/537.36 [] {"uid":"aa717b8"}
[2019-11-13 00:28:48] UTN FRA LOGGER.INFO: ip = [] {"uid":"aa717b8"}
[2019-11-13 00:29:04] UTN FRA LOGGER.INFO: Datos  =Mozilla/5.0 (Windows NT 6.1; Win64; x64) AppleWebKit/537.36 (KHTML, like Gecko) Chrome/76.0.3809.132 Safari/537.36 [] {"uid":"d67683e"}
[2019-11-13 00:29:04] UTN FRA LOGGER.INFO: ip = [] {"uid":"d67683e"}
[2019-11-13 00:31:41] UTN FRA LOGGER.INFO: Datos  =Mozilla/5.0 (Windows NT 6.1; Win64; x64) AppleWebKit/537.36 (KHTML, like Gecko) Chrome/76.0.3809.132 Safari/537.36 [] {"uid":"906e987"}
[2019-11-13 00:31:41] UTN FRA LOGGER.INFO: ip = [] {"uid":"906e987"}
[2019-11-13 00:31:53] UTN FRA LOGGER.INFO: Datos  =Mozilla/5.0 (Windows NT 6.1; Win64; x64) AppleWebKit/537.36 (KHTML, like Gecko) Chrome/76.0.3809.132 Safari/537.36 [] {"uid":"ea51dfa"}
[2019-11-13 00:31:53] UTN FRA LOGGER.INFO: ip = [] {"uid":"ea51dfa"}
[2019-11-13 00:36:28] UTN FRA LOGGER.INFO: Datos  =Mozilla/5.0 (Windows NT 6.1; Win64; x64) AppleWebKit/537.36 (KHTML, like Gecko) Chrome/76.0.3809.132 Safari/537.36 [] {"uid":"7d18703"}
[2019-11-13 00:36:28] UTN FRA LOGGER.INFO: ip = [] {"uid":"7d18703"}
[2019-11-13 00:36:35] UTN FRA LOGGER.INFO: Datos  =Mozilla/5.0 (Windows NT 6.1; Win64; x64) AppleWebKit/537.36 (KHTML, like Gecko) Chrome/76.0.3809.132 Safari/537.36 [] {"uid":"a4fc86b"}
[2019-11-13 00:36:35] UTN FRA LOGGER.INFO: ip = [] {"uid":"a4fc86b"}
[2019-11-13 00:36:46] UTN FRA LOGGER.INFO: Datos  =Mozilla/5.0 (Windows NT 6.1; Win64; x64) AppleWebKit/537.36 (KHTML, like Gecko) Chrome/76.0.3809.132 Safari/537.36 [] {"uid":"797bab3"}
[2019-11-13 00:36:46] UTN FRA LOGGER.INFO: ip = [] {"uid":"797bab3"}
[2019-11-13 00:38:10] UTN FRA LOGGER.INFO: Datos  =Mozilla/5.0 (Windows NT 6.1; Win64; x64) AppleWebKit/537.36 (KHTML, like Gecko) Chrome/76.0.3809.132 Safari/537.36 [] {"uid":"20d50fd"}
[2019-11-13 00:38:10] UTN FRA LOGGER.INFO: ip = [] {"uid":"20d50fd"}
[2019-11-13 00:38:14] UTN FRA LOGGER.INFO: Datos  =Mozilla/5.0 (Windows NT 6.1; Win64; x64) AppleWebKit/537.36 (KHTML, like Gecko) Chrome/76.0.3809.132 Safari/537.36 [] {"uid":"7c8f01c"}
[2019-11-13 00:38:14] UTN FRA LOGGER.INFO: ip = [] {"uid":"7c8f01c"}
[2019-11-13 00:38:23] UTN FRA LOGGER.INFO: Datos  =Mozilla/5.0 (Windows NT 6.1; Win64; x64) AppleWebKit/537.36 (KHTML, like Gecko) Chrome/76.0.3809.132 Safari/537.36 [] {"uid":"c64c067"}
[2019-11-13 00:38:23] UTN FRA LOGGER.INFO: ip = [] {"uid":"c64c067"}
[2019-11-13 00:39:13] UTN FRA LOGGER.INFO: Datos  =Mozilla/5.0 (Windows NT 6.1; Win64; x64) AppleWebKit/537.36 (KHTML, like Gecko) Chrome/76.0.3809.132 Safari/537.36 [] {"uid":"24691ab"}
[2019-11-13 00:39:13] UTN FRA LOGGER.INFO: ip = [] {"uid":"24691ab"}
[2019-11-13 00:39:37] UTN FRA LOGGER.INFO: Datos  =Mozilla/5.0 (Windows NT 6.1; Win64; x64) AppleWebKit/537.36 (KHTML, like Gecko) Chrome/76.0.3809.132 Safari/537.36 [] {"uid":"814d669"}
[2019-11-13 00:39:37] UTN FRA LOGGER.INFO: ip = [] {"uid":"814d669"}
[2019-11-13 00:39:46] UTN FRA LOGGER.INFO: Datos  =Mozilla/5.0 (Windows NT 6.1; Win64; x64) AppleWebKit/537.36 (KHTML, like Gecko) Chrome/76.0.3809.132 Safari/537.36 [] {"uid":"f515046"}
[2019-11-13 00:39:46] UTN FRA LOGGER.INFO: ip = [] {"uid":"f515046"}
[2019-11-13 00:39:56] UTN FRA LOGGER.INFO: Datos  =Mozilla/5.0 (Windows NT 6.1; Win64; x64) AppleWebKit/537.36 (KHTML, like Gecko) Chrome/76.0.3809.132 Safari/537.36 [] {"uid":"1467cde"}
[2019-11-13 00:39:56] UTN FRA LOGGER.INFO: ip = [] {"uid":"1467cde"}
[2019-11-13 00:40:32] UTN FRA LOGGER.INFO: Datos  =Mozilla/5.0 (Windows NT 6.1; Win64; x64) AppleWebKit/537.36 (KHTML, like Gecko) Chrome/76.0.3809.132 Safari/537.36 [] {"uid":"71bcdbb"}
[2019-11-13 00:40:32] UTN FRA LOGGER.INFO: ip = [] {"uid":"71bcdbb"}
[2019-11-13 00:42:28] UTN FRA LOGGER.INFO: Datos  =Mozilla/5.0 (Windows NT 6.1; Win64; x64) AppleWebKit/537.36 (KHTML, like Gecko) Chrome/76.0.3809.132 Safari/537.36 [] {"uid":"b9d7826"}
[2019-11-13 00:42:28] UTN FRA LOGGER.INFO: ip = [] {"uid":"b9d7826"}
[2019-11-13 00:42:41] UTN FRA LOGGER.INFO: Datos  =Mozilla/5.0 (Windows NT 6.1; Win64; x64) AppleWebKit/537.36 (KHTML, like Gecko) Chrome/76.0.3809.132 Safari/537.36 [] {"uid":"e49bf25"}
[2019-11-13 00:42:41] UTN FRA LOGGER.INFO: ip = [] {"uid":"e49bf25"}
[2019-11-13 00:42:48] UTN FRA LOGGER.INFO: Datos  =Mozilla/5.0 (Windows NT 6.1; Win64; x64) AppleWebKit/537.36 (KHTML, like Gecko) Chrome/76.0.3809.132 Safari/537.36 [] {"uid":"54634a4"}
[2019-11-13 00:42:48] UTN FRA LOGGER.INFO: ip = [] {"uid":"54634a4"}
[2019-11-13 00:43:34] UTN FRA LOGGER.INFO: Datos  =Mozilla/5.0 (Windows NT 6.1; Win64; x64) AppleWebKit/537.36 (KHTML, like Gecko) Chrome/76.0.3809.132 Safari/537.36 [] {"uid":"7f37d78"}
[2019-11-13 00:43:34] UTN FRA LOGGER.INFO: ip = [] {"uid":"7f37d78"}
[2019-11-13 00:45:45] UTN FRA LOGGER.INFO: Datos  =Mozilla/5.0 (Windows NT 6.1; Win64; x64) AppleWebKit/537.36 (KHTML, like Gecko) Chrome/76.0.3809.132 Safari/537.36 [] {"uid":"b871a4a"}
[2019-11-13 00:45:45] UTN FRA LOGGER.INFO: ip = [] {"uid":"b871a4a"}
[2019-11-13 00:45:55] UTN FRA LOGGER.INFO: Datos  =Mozilla/5.0 (Windows NT 6.1; Win64; x64) AppleWebKit/537.36 (KHTML, like Gecko) Chrome/76.0.3809.132 Safari/537.36 [] {"uid":"2e80de5"}
[2019-11-13 00:45:55] UTN FRA LOGGER.INFO: ip = [] {"uid":"2e80de5"}
[2019-11-13 00:46:14] UTN FRA LOGGER.INFO: Datos  =Mozilla/5.0 (Windows NT 6.1; Win64; x64) AppleWebKit/537.36 (KHTML, like Gecko) Chrome/76.0.3809.132 Safari/537.36 [] {"uid":"55c6e7d"}
[2019-11-13 00:46:14] UTN FRA LOGGER.INFO: ip = [] {"uid":"55c6e7d"}
[2019-11-13 00:46:58] UTN FRA LOGGER.INFO: Datos  =Mozilla/5.0 (Windows NT 6.1; Win64; x64) AppleWebKit/537.36 (KHTML, like Gecko) Chrome/76.0.3809.132 Safari/537.36 [] {"uid":"b4c0434"}
[2019-11-13 00:46:58] UTN FRA LOGGER.INFO: ip = [] {"uid":"b4c0434"}
[2019-11-13 00:47:13] UTN FRA LOGGER.INFO: Datos  =Mozilla/5.0 (Windows NT 6.1; Win64; x64) AppleWebKit/537.36 (KHTML, like Gecko) Chrome/76.0.3809.132 Safari/537.36 [] {"uid":"805871a"}
[2019-11-13 00:47:13] UTN FRA LOGGER.INFO: ip = [] {"uid":"805871a"}
[2019-11-13 00:47:15] UTN FRA LOGGER.INFO: Datos  =Mozilla/5.0 (Windows NT 6.1; Win64; x64) AppleWebKit/537.36 (KHTML, like Gecko) Chrome/76.0.3809.132 Safari/537.36 [] {"uid":"dd13829"}
[2019-11-13 00:47:15] UTN FRA LOGGER.INFO: ip = [] {"uid":"dd13829"}
[2019-11-13 00:47:25] UTN FRA LOGGER.INFO: Datos  =Mozilla/5.0 (Windows NT 6.1; Win64; x64) AppleWebKit/537.36 (KHTML, like Gecko) Chrome/76.0.3809.132 Safari/537.36 [] {"uid":"8de2e2e"}
[2019-11-13 00:47:25] UTN FRA LOGGER.INFO: ip = [] {"uid":"8de2e2e"}
[2019-11-13 01:30:10] UTN FRA LOGGER.INFO: Datos  =Mozilla/5.0 (Windows NT 6.1; Win64; x64) AppleWebKit/537.36 (KHTML, like Gecko) Chrome/76.0.3809.132 Safari/537.36 [] {"uid":"e70b9c1"}
[2019-11-13 01:30:10] UTN FRA LOGGER.INFO: ip = [] {"uid":"e70b9c1"}
[2019-11-13 01:30:42] UTN FRA LOGGER.INFO: Datos  =Mozilla/5.0 (Windows NT 6.1; Win64; x64) AppleWebKit/537.36 (KHTML, like Gecko) Chrome/76.0.3809.132 Safari/537.36 [] {"uid":"ef87c4c"}
[2019-11-13 01:30:42] UTN FRA LOGGER.INFO: ip = [] {"uid":"ef87c4c"}
[2019-11-13 01:31:27] UTN FRA LOGGER.INFO: Datos  =Mozilla/5.0 (Windows NT 6.1; Win64; x64) AppleWebKit/537.36 (KHTML, like Gecko) Chrome/76.0.3809.132 Safari/537.36 [] {"uid":"3e2409a"}
[2019-11-13 01:31:27] UTN FRA LOGGER.INFO: ip = [] {"uid":"3e2409a"}
[2019-11-13 01:31:43] UTN FRA LOGGER.INFO: Datos  =Mozilla/5.0 (Windows NT 6.1; Win64; x64) AppleWebKit/537.36 (KHTML, like Gecko) Chrome/76.0.3809.132 Safari/537.36 [] {"uid":"90a00e2"}
[2019-11-13 01:31:43] UTN FRA LOGGER.INFO: ip = [] {"uid":"90a00e2"}
[2019-11-13 01:31:47] UTN FRA LOGGER.INFO: Datos  =Mozilla/5.0 (Windows NT 6.1; Win64; x64) AppleWebKit/537.36 (KHTML, like Gecko) Chrome/76.0.3809.132 Safari/537.36 [] {"uid":"8f5cf23"}
[2019-11-13 01:31:47] UTN FRA LOGGER.INFO: ip = [] {"uid":"8f5cf23"}
[2019-11-13 01:32:00] UTN FRA LOGGER.INFO: Datos  =Mozilla/5.0 (Windows NT 6.1; Win64; x64) AppleWebKit/537.36 (KHTML, like Gecko) Chrome/76.0.3809.132 Safari/537.36 [] {"uid":"accfab5"}
[2019-11-13 01:32:00] UTN FRA LOGGER.INFO: ip = [] {"uid":"accfab5"}
[2019-11-13 01:54:55] UTN FRA LOGGER.INFO: Datos  =Mozilla/5.0 (Windows NT 6.1; Win64; x64) AppleWebKit/537.36 (KHTML, like Gecko) Chrome/76.0.3809.132 Safari/537.36 [] {"uid":"7e0bb80"}
[2019-11-13 01:54:55] UTN FRA LOGGER.INFO: ip = [] {"uid":"7e0bb80"}
[2019-11-13 01:55:35] UTN FRA LOGGER.INFO: Datos  =Mozilla/5.0 (Windows NT 6.1; Win64; x64) AppleWebKit/537.36 (KHTML, like Gecko) Chrome/76.0.3809.132 Safari/537.36 [] {"uid":"9383066"}
[2019-11-13 01:55:35] UTN FRA LOGGER.INFO: ip = [] {"uid":"9383066"}
[2019-11-13 01:57:09] UTN FRA LOGGER.INFO: Datos  =Mozilla/5.0 (Windows NT 6.1; Win64; x64) AppleWebKit/537.36 (KHTML, like Gecko) Chrome/76.0.3809.132 Safari/537.36 [] {"uid":"3975031"}
[2019-11-13 01:57:09] UTN FRA LOGGER.INFO: ip = [] {"uid":"3975031"}
[2019-11-13 02:00:11] UTN FRA LOGGER.INFO: Datos  =Mozilla/5.0 (Windows NT 6.1; Win64; x64) AppleWebKit/537.36 (KHTML, like Gecko) Chrome/76.0.3809.132 Safari/537.36 [] {"uid":"f7671bf"}
[2019-11-13 02:00:11] UTN FRA LOGGER.INFO: ip = [] {"uid":"f7671bf"}
[2019-11-13 02:01:50] UTN FRA LOGGER.INFO: Datos  =Mozilla/5.0 (Windows NT 6.1; Win64; x64) AppleWebKit/537.36 (KHTML, like Gecko) Chrome/76.0.3809.132 Safari/537.36 [] {"uid":"1684584"}
[2019-11-13 02:01:50] UTN FRA LOGGER.INFO: ip = [] {"uid":"1684584"}
[2019-11-13 02:03:35] UTN FRA LOGGER.INFO: Datos  =Mozilla/5.0 (Windows NT 6.1; Win64; x64) AppleWebKit/537.36 (KHTML, like Gecko) Chrome/76.0.3809.132 Safari/537.36 [] {"uid":"6e2e8b7"}
[2019-11-13 02:03:35] UTN FRA LOGGER.INFO: ip = [] {"uid":"6e2e8b7"}
[2019-11-13 02:04:17] UTN FRA LOGGER.INFO: Datos  =Mozilla/5.0 (Windows NT 6.1; Win64; x64) AppleWebKit/537.36 (KHTML, like Gecko) Chrome/76.0.3809.132 Safari/537.36 [] {"uid":"3468750"}
[2019-11-13 02:04:17] UTN FRA LOGGER.INFO: ip = [] {"uid":"3468750"}
[2019-11-13 02:04:22] UTN FRA LOGGER.INFO: Datos  =Mozilla/5.0 (Windows NT 6.1; Win64; x64) AppleWebKit/537.36 (KHTML, like Gecko) Chrome/76.0.3809.132 Safari/537.36 [] {"uid":"2f9ee2f"}
[2019-11-13 02:04:22] UTN FRA LOGGER.INFO: ip = [] {"uid":"2f9ee2f"}
[2019-11-13 02:04:28] UTN FRA LOGGER.INFO: Datos  =Mozilla/5.0 (Windows NT 6.1; Win64; x64) AppleWebKit/537.36 (KHTML, like Gecko) Chrome/76.0.3809.132 Safari/537.36 [] {"uid":"8ddbc7f"}
[2019-11-13 02:04:28] UTN FRA LOGGER.INFO: ip = [] {"uid":"8ddbc7f"}
[2019-11-13 02:04:33] UTN FRA LOGGER.INFO: Datos  =Mozilla/5.0 (Windows NT 6.1; Win64; x64) AppleWebKit/537.36 (KHTML, like Gecko) Chrome/76.0.3809.132 Safari/537.36 [] {"uid":"083bb5f"}
[2019-11-13 02:04:33] UTN FRA LOGGER.INFO: ip = [] {"uid":"083bb5f"}
[2019-11-13 02:04:45] UTN FRA LOGGER.INFO: Datos  =Mozilla/5.0 (Windows NT 6.1; Win64; x64) AppleWebKit/537.36 (KHTML, like Gecko) Chrome/76.0.3809.132 Safari/537.36 [] {"uid":"fdc976b"}
[2019-11-13 02:04:45] UTN FRA LOGGER.INFO: ip = [] {"uid":"fdc976b"}
[2019-11-13 02:05:08] UTN FRA LOGGER.INFO: Datos  =Mozilla/5.0 (Windows NT 6.1; Win64; x64) AppleWebKit/537.36 (KHTML, like Gecko) Chrome/76.0.3809.132 Safari/537.36 [] {"uid":"0c13af2"}
[2019-11-13 02:05:08] UTN FRA LOGGER.INFO: ip = [] {"uid":"0c13af2"}
[2019-11-13 02:05:15] UTN FRA LOGGER.INFO: Datos  =Mozilla/5.0 (Windows NT 6.1; Win64; x64) AppleWebKit/537.36 (KHTML, like Gecko) Chrome/76.0.3809.132 Safari/537.36 [] {"uid":"5752419"}
[2019-11-13 02:05:15] UTN FRA LOGGER.INFO: ip = [] {"uid":"5752419"}
[2019-11-13 02:06:51] UTN FRA LOGGER.INFO: Datos  =Mozilla/5.0 (Windows NT 6.1; Win64; x64) AppleWebKit/537.36 (KHTML, like Gecko) Chrome/76.0.3809.132 Safari/537.36 [] {"uid":"0d96b20"}
[2019-11-13 02:06:51] UTN FRA LOGGER.INFO: ip = [] {"uid":"0d96b20"}
[2019-11-13 02:11:12] UTN FRA LOGGER.INFO: Datos  =Mozilla/5.0 (Windows NT 6.1; Win64; x64) AppleWebKit/537.36 (KHTML, like Gecko) Chrome/76.0.3809.132 Safari/537.36 [] {"uid":"f4e25bd"}
[2019-11-13 02:11:12] UTN FRA LOGGER.INFO: ip = [] {"uid":"f4e25bd"}
[2019-11-13 02:12:02] UTN FRA LOGGER.INFO: Datos  =Mozilla/5.0 (Windows NT 6.1; Win64; x64) AppleWebKit/537.36 (KHTML, like Gecko) Chrome/76.0.3809.132 Safari/537.36 [] {"uid":"11c329b"}
[2019-11-13 02:12:02] UTN FRA LOGGER.INFO: ip = [] {"uid":"11c329b"}
[2019-11-13 02:12:13] UTN FRA LOGGER.INFO: Datos  =Mozilla/5.0 (Windows NT 6.1; Win64; x64) AppleWebKit/537.36 (KHTML, like Gecko) Chrome/76.0.3809.132 Safari/537.36 [] {"uid":"83861f7"}
[2019-11-13 02:12:13] UTN FRA LOGGER.INFO: ip = [] {"uid":"83861f7"}
[2019-11-13 02:14:40] UTN FRA LOGGER.INFO: Datos  =Mozilla/5.0 (Windows NT 6.1; Win64; x64) AppleWebKit/537.36 (KHTML, like Gecko) Chrome/76.0.3809.132 Safari/537.36 [] {"uid":"1b9ae73"}
[2019-11-13 02:14:40] UTN FRA LOGGER.INFO: ip = [] {"uid":"1b9ae73"}
[2019-11-13 02:14:45] UTN FRA LOGGER.INFO: Datos  =Mozilla/5.0 (Windows NT 6.1; Win64; x64) AppleWebKit/537.36 (KHTML, like Gecko) Chrome/76.0.3809.132 Safari/537.36 [] {"uid":"e92e850"}
[2019-11-13 02:14:45] UTN FRA LOGGER.INFO: ip = [] {"uid":"e92e850"}
[2019-11-13 02:15:07] UTN FRA LOGGER.INFO: Datos  =Mozilla/5.0 (Windows NT 6.1; Win64; x64) AppleWebKit/537.36 (KHTML, like Gecko) Chrome/76.0.3809.132 Safari/537.36 [] {"uid":"110892d"}
[2019-11-13 02:15:07] UTN FRA LOGGER.INFO: ip = [] {"uid":"110892d"}
[2019-11-13 02:15:28] UTN FRA LOGGER.INFO: Datos  =Mozilla/5.0 (Windows NT 6.1; Win64; x64) AppleWebKit/537.36 (KHTML, like Gecko) Chrome/76.0.3809.132 Safari/537.36 [] {"uid":"9564c19"}
[2019-11-13 02:15:28] UTN FRA LOGGER.INFO: ip = [] {"uid":"9564c19"}
