[2019-11-26 19:29:00] LA COMANDA LOGGER.INFO: metodo=POST, URI=http%3A%2F%2Flocalhost%2FTP%2Fpublic, RUTA=comandaORM%2Fempleados, autoridad=localhost [] {"uid":"b9a20f3"}
[2019-11-26 19:42:05] LA COMANDA LOGGER.INFO: metodo=POST, URI=http%3A%2F%2Flocalhost%2FTP%2Fpublic, RUTA=comandaORM%2Fempleados%2F1, autoridad=localhost [] {"uid":"85cfe7c"}
[2019-11-26 19:42:14] LA COMANDA LOGGER.INFO: metodo=POST, URI=http%3A%2F%2Flocalhost%2FTP%2Fpublic, RUTA=comandaORM%2Fempleado%2F1, autoridad=localhost [] {"uid":"afd85eb"}
[2019-11-26 19:42:22] LA COMANDA LOGGER.INFO: metodo=POST, URI=http%3A%2F%2Flocalhost%2FTP%2Fpublic, RUTA=comandaORM%2Fempleado%2F100, autoridad=localhost [] {"uid":"6c5552e"}
[2019-11-26 19:42:26] LA COMANDA LOGGER.INFO: metodo=POST, URI=http%3A%2F%2Flocalhost%2FTP%2Fpublic, RUTA=comandaORM%2Fempleado%2F101, autoridad=localhost [] {"uid":"dbf40d8"}
[2019-11-26 19:42:47] LA COMANDA LOGGER.INFO: metodo=POST, URI=http%3A%2F%2Flocalhost%2FTP%2Fpublic, RUTA=comandaORM%2Fempleado%2F101, autoridad=localhost [] {"uid":"c4347c2"}
[2019-11-26 19:44:39] LA COMANDA LOGGER.INFO: metodo=POST, URI=http%3A%2F%2Flocalhost%2FTP%2Fpublic, RUTA=comandaORM%2Fempleado%2F101, autoridad=localhost [] {"uid":"2f45aa6"}
[2019-11-26 19:45:55] LA COMANDA LOGGER.INFO: metodo=POST, URI=http%3A%2F%2Flocalhost%2FTP%2Fpublic, RUTA=comandaORM%2Fempleado%2F101, autoridad=localhost [] {"uid":"fb3a548"}
[2019-11-26 19:53:29] LA COMANDA LOGGER.INFO: metodo=POST, URI=http%3A%2F%2Flocalhost%2FTP%2Fpublic, RUTA=comandaORM%2Fempleado%2F101, autoridad=localhost [] {"uid":"1d87a49"}
[2019-11-26 20:04:13] LA COMANDA LOGGER.INFO: metodo=POST, URI=http%3A%2F%2Flocalhost%2FTP%2Fpublic, RUTA=comandaORM%2Fempleados, autoridad=localhost [] {"uid":"f068213"}
[2019-11-26 20:04:42] LA COMANDA LOGGER.INFO: metodo=DELETE, URI=http%3A%2F%2Flocalhost%2FTP%2Fpublic, RUTA=comandaORM%2Fempleado%2F103, autoridad=localhost [] {"uid":"f4ce431"}
[2019-11-26 20:35:22] LA COMANDA LOGGER.INFO: metodo=GET, URI=http%3A%2F%2Flocalhost%2FTP%2Fpublic, RUTA=comandaORM%2Fpedidos, autoridad=localhost [] {"uid":"2d13663"}
[2019-11-26 20:35:45] LA COMANDA LOGGER.INFO: metodo=POST, URI=http%3A%2F%2Flocalhost%2FTP%2Fpublic, RUTA=comandaORM%2Fpedidos, autoridad=localhost [] {"uid":"c83ba4d"}
[2019-11-26 20:36:12] LA COMANDA LOGGER.INFO: metodo=POST, URI=http%3A%2F%2Flocalhost%2FTP%2Fpublic, RUTA=comandaORM%2Fpedidos, autoridad=localhost [] {"uid":"1984bba"}
[2019-11-26 20:36:36] LA COMANDA LOGGER.INFO: metodo=POST, URI=http%3A%2F%2Flocalhost%2FTP%2Fpublic, RUTA=comandaORM%2Fpedidos, autoridad=localhost [] {"uid":"3f4efc2"}
[2019-11-26 20:36:54] LA COMANDA LOGGER.INFO: metodo=POST, URI=http%3A%2F%2Flocalhost%2FTP%2Fpublic, RUTA=comandaORM%2Fpedidos, autoridad=localhost [] {"uid":"797aa1c"}
[2019-11-26 20:39:48] LA COMANDA LOGGER.INFO: metodo=POST, URI=http%3A%2F%2Flocalhost%2FTP%2Fpublic, RUTA=comandaORM%2Fpedidos, autoridad=localhost [] {"uid":"14eed52"}
[2019-11-26 20:40:35] LA COMANDA LOGGER.INFO: metodo=POST, URI=http%3A%2F%2Flocalhost%2FTP%2Fpublic, RUTA=comandaORM%2Fpedidos, autoridad=localhost [] {"uid":"57fa594"}
[2019-11-26 20:44:50] LA COMANDA LOGGER.INFO: metodo=POST, URI=http%3A%2F%2Flocalhost%2FTP%2Fpublic, RUTA=comandaORM%2Fpedidos, autoridad=localhost [] {"uid":"b1627ed"}
[2019-11-26 20:45:16] LA COMANDA LOGGER.INFO: metodo=POST, URI=http%3A%2F%2Flocalhost%2FTP%2Fpublic, RUTA=comandaORM%2Fpedidos, autoridad=localhost [] {"uid":"5c0d64c"}
[2019-11-26 20:45:25] LA COMANDA LOGGER.INFO: metodo=POST, URI=http%3A%2F%2Flocalhost%2FTP%2Fpublic, RUTA=comandaORM%2Fpedidos, autoridad=localhost [] {"uid":"e92d17e"}
